0 verbose cli [
0 verbose cli   'C:\\Program Files\\nodejs\\node.exe',
0 verbose cli   'C:\\Program Files\\nodejs\\node_modules\\npm\\bin\\npm-cli.js',
0 verbose cli   'install',
0 verbose cli   '-g',
0 verbose cli   'npm@8.7.0'
0 verbose cli ]
1 info using npm@8.5.0
2 info using node@v16.14.2
3 timing npm:load:whichnode Completed in 0ms
4 timing config:load:defaults Completed in 3ms
5 timing config:load:file:C:\Program Files\nodejs\node_modules\npm\npmrc Completed in 17ms
6 timing config:load:builtin Completed in 18ms
7 timing config:load:cli Completed in 4ms
8 timing config:load:env Completed in 1ms
9 timing config:load:project Completed in 5ms
10 timing config:load:file:C:\Users\ALUKO TEMITOPE\.npmrc Completed in 2ms
11 timing config:load:user Completed in 2ms
12 timing config:load:file:C:\Users\ALUKO TEMITOPE\AppData\Roaming\npm\etc\npmrc Completed in 1ms
13 timing config:load:global Completed in 1ms
14 timing config:load:validate Completed in 0ms
15 timing config:load:credentials Completed in 1ms
16 timing config:load:setEnvs Completed in 2ms
17 timing config:load Completed in 39ms
18 timing npm:load:configload Completed in 39ms
19 timing npm:load:setTitle Completed in 1ms
20 timing config:load:flatten Completed in 7ms
21 timing npm:load:display Completed in 11ms
22 verbose logfile C:\Users\ALUKO TEMITOPE\Desktop\oluranti library\web programme\Node JS\tutorial\_logs\2022-04-20T01_27_19_405Z-debug-0.log
23 timing npm:load:logFile Completed in 15ms
24 timing npm:load:timers Completed in 0ms
25 timing npm:load:configScope Completed in 0ms
26 timing npm:load Completed in 69ms
27 timing arborist:ctor Completed in 2ms
28 timing idealTree:init Completed in 10ms
29 timing idealTree:userRequests Completed in 3ms
30 silly idealTree buildDeps
31 silly fetch manifest npm@8.7.0
32 http fetch GET 200 https://registry.npmjs.org/npm 106ms (cache hit)
33 silly placeDep ROOT npm@8.7.0 OK for:  want: 8.7.0
34 timing idealTree:#root Completed in 157ms
35 timing idealTree:node_modules/npm Completed in 0ms
36 timing idealTree:buildDeps Completed in 161ms
37 timing idealTree:fixDepFlags Completed in 2ms
38 timing idealTree Completed in 179ms
39 timing reify:loadTrees Completed in 199ms
40 timing reify:diffTrees Completed in 2ms
41 silly reify moves {}
42 timing reify:retireShallow Completed in 32ms
43 timing reify:createSparse Completed in 22ms
44 silly tarball no local data for npm@https://registry.npmjs.org/npm/-/npm-8.7.0.tgz. Extracting by manifest.
45 http fetch GET 200 https://registry.npmjs.org/npm/-/npm-8.7.0.tgz 29137ms (cache miss)
46 timing reifyNode:node_modules/npm Completed in 29198ms
47 timing arborist:ctor Completed in 2ms
48 timing reify:diffTrees Completed in 8ms
49 timing reify:loadBundles Completed in 30096ms
50 silly audit bulk request {
50 silly audit   npm: [ '8.7.0' ],
50 silly audit   archy: [ '1.0.0' ],
50 silly audit   'cli-columns': [ '4.0.0' ],
50 silly audit   'cli-table3': [ '0.6.1' ],
50 silly audit   columnify: [ '1.6.0' ],
50 silly audit   'concat-map': [ '0.0.1' ],
50 silly audit   encoding: [ '0.1.13' ],
50 silly audit   'fastest-levenshtein': [ '1.0.12' ],
50 silly audit   'init-package-json': [ '3.0.2' ],
50 silly audit   'is-cidr': [ '4.0.2' ],
50 silly audit   libnpmaccess: [ '6.0.3' ],
50 silly audit   libnpmdiff: [ '4.0.3' ],
50 silly audit   libnpmexec: [ '4.0.3' ],
50 silly audit   libnpmfund: [ '3.0.2' ],
50 silly audit   libnpmhook: [ '8.0.3' ],
50 silly audit   libnpmorg: [ '4.0.3' ],
50 silly audit   libnpmpack: [ '4.0.3' ],
50 silly audit   libnpmpublish: [ '6.0.3' ],
50 silly audit   libnpmteam: [ '4.0.3' ],
50 silly audit   libnpmsearch: [ '5.0.3' ],
50 silly audit   libnpmversion: [ '3.0.3' ],
50 silly audit   'npm-audit-report': [ '3.0.0' ],
50 silly audit   'npm-profile': [ '6.0.2' ],
50 silly audit   'npm-user-validate': [ '1.0.1' ],
50 silly audit   opener: [ '1.5.2' ],
50 silly audit   'qrcode-terminal': [ '0.12.0' ],
50 silly audit   'text-table': [ '0.2.0' ],
50 silly audit   'tiny-relative-date': [ '1.3.0' ],
50 silly audit   '@npmcli/config': [ '4.1.0' ]
50 silly audit }
51 http fetch POST 200 https://registry.npmjs.org/-/npm/v1/security/advisories/bulk 1056ms
52 timing auditReport:getReport Completed in 1072ms
53 silly audit report {}
54 timing auditReport:init Completed in 0ms
55 timing reify:audit Completed in 1075ms
56 http fetch GET 200 https://registry.npmjs.org/encoding 926ms (cache miss)
57 http fetch GET 200 https://registry.npmjs.org/concat-map 979ms (cache miss)
58 http fetch GET 200 https://registry.npmjs.org/encoding/-/encoding-0.1.13.tgz 452ms (cache miss)
59 http fetch GET 200 https://registry.npmjs.org/concat-map/-/concat-map-0.0.1.tgz 413ms (cache miss)
60 timing reifyNode:node_modules/npm/node_modules/encoding Completed in 2214ms
61 timing reifyNode:node_modules/npm/node_modules/concat-map Completed in 2214ms
62 timing reify:unpack Completed in 2215ms
63 timing reify:unretire Completed in 0ms
64 timing build:queue Completed in 33ms
65 timing build:link:node_modules/npm Completed in 20ms
66 timing build:link:node_modules/npm/node_modules/opener Completed in 18ms
67 timing build:link:node_modules/npm/node_modules/qrcode-terminal Completed in 18ms
68 timing build:link Completed in 21ms
69 timing build:deps Completed in 55ms
70 timing build Completed in 56ms
71 timing reify:build Completed in 58ms
72 timing reify:trash Completed in 0ms
73 timing reify Completed in 32726ms
74 silly ADD node_modules/npm
75 silly ADD node_modules/npm/node_modules/encoding
76 silly ADD node_modules/npm/node_modules/concat-map
77 timing command:install Completed in 44742ms
78 notice
78 notice New [33mminor[39m version of npm available! [31m8.5.0[39m -> [32m8.7.0[39m
78 notice Changelog: [36mhttps://github.com/npm/cli/releases/tag/v8.7.0[39m
78 notice Run [32mnpm install -g npm@8.7.0[39m to update!
78 notice
79 verbose exit 0
80 timing npm Completed in 45702ms
81 info ok
