0 verbose cli [
0 verbose cli   'C:\\Program Files\\nodejs\\node.exe',
0 verbose cli   'C:\\Program Files\\nodejs\\node_modules\\npm\\bin\\npm-cli.js',
0 verbose cli   '--version'
0 verbose cli ]
1 info using npm@8.5.0
2 info using node@v16.14.2
3 timing npm:load:whichnode Completed in 1ms
4 timing config:load:defaults Completed in 3ms
5 timing config:load:file:C:\Program Files\nodejs\node_modules\npm\npmrc Completed in 17ms
6 timing config:load:builtin Completed in 17ms
7 timing config:load:cli Completed in 4ms
8 timing config:load:env Completed in 1ms
9 timing config:load:file:C:\Users\ALUKO TEMITOPE\Desktop\oluranti library\web programme\Node JS\tutorial\.npmrc Completed in 1ms
10 timing config:load:project Completed in 6ms
11 timing config:load:file:C:\Users\ALUKO TEMITOPE\.npmrc Completed in 1ms
12 timing config:load:user Completed in 2ms
13 timing config:load:file:C:\Users\ALUKO TEMITOPE\AppData\Roaming\npm\etc\npmrc Completed in 0ms
14 timing config:load:global Completed in 1ms
15 timing config:load:validate Completed in 1ms
16 timing config:load:credentials Completed in 2ms
17 timing config:load:setEnvs Completed in 3ms
18 timing config:load Completed in 41ms
19 timing npm:load:configload Completed in 42ms
20 timing npm:load:setTitle Completed in 1ms
21 timing config:load:flatten Completed in 10ms
22 timing npm:load:display Completed in 14ms
23 verbose logfile C:\Users\ALUKO TEMITOPE\Desktop\oluranti library\web programme\Node JS\tutorial\_logs\2022-04-20T01_26_49_387Z-debug-0.log
24 timing npm:load:logFile Completed in 14ms
25 timing npm:load:timers Completed in 0ms
26 timing npm:load:configScope Completed in 0ms
27 timing npm:load Completed in 73ms
28 verbose exit 0
29 timing npm Completed in 622ms
30 info ok
